Analysis & Synthesis report for week6_2
Tue Oct 10 15:41:30 2023
Quartus Prime Version 20.1.1 Build 720 11/11/2020 SJ Lite Edition


---------------------
; Table of Contents ;
---------------------
  1. Legal Notice
  2. Analysis & Synthesis Summary
  3. Analysis & Synthesis Settings
  4. Parallel Compilation
  5. Analysis & Synthesis Source Files Read
  6. Analysis & Synthesis Resource Usage Summary
  7. Analysis & Synthesis Resource Utilization by Entity
  8. State Machine - |week6_2|SM2:inst5|fstate
  9. Registers Removed During Synthesis
 10. General Register Statistics
 11. Multiplexer Restructuring Statistics (Restructuring Performed)
 12. Parameter Settings for User Entity Instance: fourbit_four_sram:inst|BUSMUX:inst20
 13. Parameter Settings for User Entity Instance: fourbit_four_sram:inst|BUSMUX:inst18
 14. Parameter Settings for User Entity Instance: fourbit_four_sram:inst|four_bit_register:inst|BUSMUX:inst4
 15. Parameter Settings for User Entity Instance: fourbit_four_sram:inst|four_bit_register:inst|BUSMUX:inst6
 16. Parameter Settings for User Entity Instance: fourbit_four_sram:inst|four_bit_register:inst|BUSMUX:inst5
 17. Parameter Settings for User Entity Instance: fourbit_four_sram:inst|four_bit_register:inst|BUSMUX:inst7
 18. Parameter Settings for User Entity Instance: fourbit_four_sram:inst|four_bit_register:inst1|BUSMUX:inst4
 19. Parameter Settings for User Entity Instance: fourbit_four_sram:inst|four_bit_register:inst1|BUSMUX:inst6
 20. Parameter Settings for User Entity Instance: fourbit_four_sram:inst|four_bit_register:inst1|BUSMUX:inst5
 21. Parameter Settings for User Entity Instance: fourbit_four_sram:inst|four_bit_register:inst1|BUSMUX:inst7
 22. Parameter Settings for User Entity Instance: fourbit_four_sram:inst|BUSMUX:inst19
 23. Parameter Settings for User Entity Instance: fourbit_four_sram:inst|four_bit_register:inst2|BUSMUX:inst4
 24. Parameter Settings for User Entity Instance: fourbit_four_sram:inst|four_bit_register:inst2|BUSMUX:inst6
 25. Parameter Settings for User Entity Instance: fourbit_four_sram:inst|four_bit_register:inst2|BUSMUX:inst5
 26. Parameter Settings for User Entity Instance: fourbit_four_sram:inst|four_bit_register:inst2|BUSMUX:inst7
 27. Parameter Settings for User Entity Instance: fourbit_four_sram:inst|four_bit_register:inst3|BUSMUX:inst4
 28. Parameter Settings for User Entity Instance: fourbit_four_sram:inst|four_bit_register:inst3|BUSMUX:inst6
 29. Parameter Settings for User Entity Instance: fourbit_four_sram:inst|four_bit_register:inst3|BUSMUX:inst5
 30. Parameter Settings for User Entity Instance: fourbit_four_sram:inst|four_bit_register:inst3|BUSMUX:inst7
 31. Parameter Settings for User Entity Instance: SM2:inst5
 32. Analysis & Synthesis Messages



----------------
; Legal Notice ;
----------------
Copyright (C) 2020  Intel Corporation. All rights reserved.
Your use of Intel Corporation's design tools, logic functions 
and other software and tools, and any partner logic 
functions, and any output files from any of the foregoing 
(including device programming or simulation files), and any 
associated documentation or information are expressly subject 
to the terms and conditions of the Intel Program License 
Subscription Agreement, the Intel Quartus Prime License Agreement,
the Intel FPGA IP License Agreement, or other applicable license
agreement, including, without limitation, that your use is for
the sole purpose of programming logic devices manufactured by
Intel and sold by Intel or its authorized distributors.  Please
refer to the applicable agreement for further details, at
https://fpgasoftware.intel.com/eula.



+---------------------------------------------------------------------------+
; Analysis & Synthesis Summary                                              ;
+-----------------------------+---------------------------------------------+
; Analysis & Synthesis Status ; Successful - Tue Oct 10 15:41:30 2023       ;
; Quartus Prime Version       ; 20.1.1 Build 720 11/11/2020 SJ Lite Edition ;
; Revision Name               ; week6_2                                     ;
; Top-level Entity Name       ; week6_2                                     ;
; Family                      ; MAX V                                       ;
; Total logic elements        ; 52                                          ;
; Total pins                  ; 18                                          ;
; Total virtual pins          ; 0                                           ;
; UFM blocks                  ; 0 / 1 ( 0 % )                               ;
+-----------------------------+---------------------------------------------+


+------------------------------------------------------------------------------------------------------------+
; Analysis & Synthesis Settings                                                                              ;
+------------------------------------------------------------------+--------------------+--------------------+
; Option                                                           ; Setting            ; Default Value      ;
+------------------------------------------------------------------+--------------------+--------------------+
; Top-level entity name                                            ; week6_2            ; week6_2            ;
; Family name                                                      ; MAX V              ; Cyclone V          ;
; Use smart compilation                                            ; Off                ; Off                ;
; Enable parallel Assembler and Timing Analyzer during compilation ; On                 ; On                 ;
; Enable compact report table                                      ; Off                ; Off                ;
; Restructure Multiplexers                                         ; Auto               ; Auto               ;
; Create Debugging Nodes for IP Cores                              ; Off                ; Off                ;
; Preserve fewer node names                                        ; On                 ; On                 ;
; Intel FPGA IP Evaluation Mode                                    ; Enable             ; Enable             ;
; Verilog Version                                                  ; Verilog_2001       ; Verilog_2001       ;
; VHDL Version                                                     ; VHDL_1993          ; VHDL_1993          ;
; State Machine Processing                                         ; Auto               ; Auto               ;
; Safe State Machine                                               ; Off                ; Off                ;
; Extract Verilog State Machines                                   ; On                 ; On                 ;
; Extract VHDL State Machines                                      ; On                 ; On                 ;
; Ignore Verilog initial constructs                                ; Off                ; Off                ;
; Iteration limit for constant Verilog loops                       ; 5000               ; 5000               ;
; Iteration limit for non-constant Verilog loops                   ; 250                ; 250                ;
; Add Pass-Through Logic to Inferred RAMs                          ; On                 ; On                 ;
; Infer RAMs from Raw Logic                                        ; On                 ; On                 ;
; Parallel Synthesis                                               ; On                 ; On                 ;
; NOT Gate Push-Back                                               ; On                 ; On                 ;
; Power-Up Don't Care                                              ; On                 ; On                 ;
; Remove Redundant Logic Cells                                     ; Off                ; Off                ;
; Remove Duplicate Registers                                       ; On                 ; On                 ;
; Ignore CARRY Buffers                                             ; Off                ; Off                ;
; Ignore CASCADE Buffers                                           ; Off                ; Off                ;
; Ignore GLOBAL Buffers                                            ; Off                ; Off                ;
; Ignore ROW GLOBAL Buffers                                        ; Off                ; Off                ;
; Ignore LCELL Buffers                                             ; Off                ; Off                ;
; Ignore SOFT Buffers                                              ; On                 ; On                 ;
; Limit AHDL Integers to 32 Bits                                   ; Off                ; Off                ;
; Optimization Technique                                           ; Balanced           ; Balanced           ;
; Carry Chain Length                                               ; 70                 ; 70                 ;
; Auto Carry Chains                                                ; On                 ; On                 ;
; Auto Open-Drain Pins                                             ; On                 ; On                 ;
; Perform WYSIWYG Primitive Resynthesis                            ; Off                ; Off                ;
; Auto Shift Register Replacement                                  ; Auto               ; Auto               ;
; Allow Shift Register Merging across Hierarchies                  ; Auto               ; Auto               ;
; Auto Clock Enable Replacement                                    ; On                 ; On                 ;
; Allow Synchronous Control Signals                                ; On                 ; On                 ;
; Force Use of Synchronous Clear Signals                           ; Off                ; Off                ;
; Auto Resource Sharing                                            ; Off                ; Off                ;
; Use LogicLock Constraints during Resource Balancing              ; On                 ; On                 ;
; Ignore translate_off and synthesis_off directives                ; Off                ; Off                ;
; Report Parameter Settings                                        ; On                 ; On                 ;
; Report Source Assignments                                        ; On                 ; On                 ;
; Report Connectivity Checks                                       ; On                 ; On                 ;
; Ignore Maximum Fan-Out Assignments                               ; Off                ; Off                ;
; Synchronization Register Chain Length                            ; 2                  ; 2                  ;
; Power Optimization During Synthesis                              ; Normal compilation ; Normal compilation ;
; HDL message level                                                ; Level2             ; Level2             ;
; Suppress Register Optimization Related Messages                  ; Off                ; Off                ;
; Number of Removed Registers Reported in Synthesis Report         ; 5000               ; 5000               ;
; Number of Swept Nodes Reported in Synthesis Report               ; 5000               ; 5000               ;
; Number of Inverted Registers Reported in Synthesis Report        ; 100                ; 100                ;
; Clock MUX Protection                                             ; On                 ; On                 ;
; Block Design Naming                                              ; Auto               ; Auto               ;
; Synthesis Effort                                                 ; Auto               ; Auto               ;
; Shift Register Replacement - Allow Asynchronous Clear Signal     ; On                 ; On                 ;
; Analysis & Synthesis Message Level                               ; Medium             ; Medium             ;
; Disable Register Merging Across Hierarchies                      ; Auto               ; Auto               ;
+------------------------------------------------------------------+--------------------+--------------------+


+------------------------------------------+
; Parallel Compilation                     ;
+----------------------------+-------------+
; Processors                 ; Number      ;
+----------------------------+-------------+
; Number detected on machine ; 8           ;
; Maximum allowed            ; 4           ;
;                            ;             ;
; Average used               ; 1.00        ;
; Maximum used               ; 1           ;
;                            ;             ;
; Usage by Processor         ; % Time Used ;
;     Processor 1            ; 100.0%      ;
+----------------------------+-------------+


+---------------------------------------------------------------------------------------------------------------------------------------------------------------------------+
; Analysis & Synthesis Source Files Read                                                                                                                                    ;
+----------------------------------+-----------------+------------------------------------+-----------------------------------------------------------------------+---------+
; File Name with User-Entered Path ; Used in Netlist ; File Type                          ; File Name with Absolute Path                                          ; Library ;
+----------------------------------+-----------------+------------------------------------+-----------------------------------------------------------------------+---------+
; week6_2.bdf                      ; yes             ; User Block Diagram/Schematic File  ; C:/intelFPGA_lite/20.1/week6/work2/week6_2.bdf                        ;         ;
; Decimal_to_Binary.bdf            ; yes             ; User Block Diagram/Schematic File  ; C:/intelFPGA_lite/20.1/week6/work2/Decimal_to_Binary.bdf              ;         ;
; four_bit_counter.bdf             ; yes             ; User Block Diagram/Schematic File  ; C:/intelFPGA_lite/20.1/week6/work2/four_bit_counter.bdf               ;         ;
; four_bit_register.bdf            ; yes             ; User Block Diagram/Schematic File  ; C:/intelFPGA_lite/20.1/week6/work2/four_bit_register.bdf              ;         ;
; fourbit_four_sram.bdf            ; yes             ; User Block Diagram/Schematic File  ; C:/intelFPGA_lite/20.1/week6/work2/fourbit_four_sram.bdf              ;         ;
; busmux.tdf                       ; yes             ; Megafunction                       ; c:/intelfpga_lite/20.1/quartus/libraries/megafunctions/busmux.tdf     ;         ;
; lpm_mux.inc                      ; yes             ; Megafunction                       ; c:/intelfpga_lite/20.1/quartus/libraries/megafunctions/lpm_mux.inc    ;         ;
; lpm_mux.tdf                      ; yes             ; Megafunction                       ; c:/intelfpga_lite/20.1/quartus/libraries/megafunctions/lpm_mux.tdf    ;         ;
; aglobal201.inc                   ; yes             ; Megafunction                       ; c:/intelfpga_lite/20.1/quartus/libraries/megafunctions/aglobal201.inc ;         ;
; muxlut.inc                       ; yes             ; Megafunction                       ; c:/intelfpga_lite/20.1/quartus/libraries/megafunctions/muxlut.inc     ;         ;
; bypassff.inc                     ; yes             ; Megafunction                       ; c:/intelfpga_lite/20.1/quartus/libraries/megafunctions/bypassff.inc   ;         ;
; altshift.inc                     ; yes             ; Megafunction                       ; c:/intelfpga_lite/20.1/quartus/libraries/megafunctions/altshift.inc   ;         ;
; db/mux_l6c.tdf                   ; yes             ; Auto-Generated Megafunction        ; C:/intelFPGA_lite/20.1/week6/work2/db/mux_l6c.tdf                     ;         ;
; db/mux_i6c.tdf                   ; yes             ; Auto-Generated Megafunction        ; C:/intelFPGA_lite/20.1/week6/work2/db/mux_i6c.tdf                     ;         ;
; sm2.v                            ; yes             ; Auto-Found Verilog HDL File        ; C:/intelFPGA_lite/20.1/week6/work2/sm2.v                              ;         ;
+----------------------------------+-----------------+------------------------------------+-----------------------------------------------------------------------+---------+


+-----------------------------------------------------+
; Analysis & Synthesis Resource Usage Summary         ;
+---------------------------------------------+-------+
; Resource                                    ; Usage ;
+---------------------------------------------+-------+
; Total logic elements                        ; 52    ;
;     -- Combinational with no register       ; 29    ;
;     -- Register only                        ; 16    ;
;     -- Combinational with a register        ; 7     ;
;                                             ;       ;
; Logic element usage by number of LUT inputs ;       ;
;     -- 4 input functions                    ; 21    ;
;     -- 3 input functions                    ; 8     ;
;     -- 2 input functions                    ; 6     ;
;     -- 1 input functions                    ; 1     ;
;     -- 0 input functions                    ; 0     ;
;                                             ;       ;
; Logic elements by mode                      ;       ;
;     -- normal mode                          ; 52    ;
;     -- arithmetic mode                      ; 0     ;
;     -- qfbk mode                            ; 0     ;
;     -- register cascade mode                ; 0     ;
;     -- synchronous clear/load mode          ; 3     ;
;     -- asynchronous clear/load mode         ; 18    ;
;                                             ;       ;
; Total registers                             ; 23    ;
; I/O pins                                    ; 18    ;
; Maximum fan-out node                        ; reset ;
; Maximum fan-out                             ; 30    ;
; Total fan-out                               ; 203   ;
; Average fan-out                             ; 2.90  ;
+---------------------------------------------+-------+


+--------------------------------------------------------------------------------------------------------------------------------------------------------------------------------------------------------------------------------------------------------------------------------------------------------------------+
; Analysis & Synthesis Resource Utilization by Entity                                                                                                                                                                                                                                                                ;
+--------------------------------------+-------------+--------------+------------+------+--------------+--------------+-------------------+------------------+-----------------+------------+-------------------------------------------------------------------------------------+-------------------+--------------+
; Compilation Hierarchy Node           ; Logic Cells ; LC Registers ; UFM Blocks ; Pins ; Virtual Pins ; LUT-Only LCs ; Register-Only LCs ; LUT/Register LCs ; Carry Chain LCs ; Packed LCs ; Full Hierarchy Name                                                                 ; Entity Name       ; Library Name ;
+--------------------------------------+-------------+--------------+------------+------+--------------+--------------+-------------------+------------------+-----------------+------------+-------------------------------------------------------------------------------------+-------------------+--------------+
; |week6_2                             ; 52 (0)      ; 23           ; 0          ; 18   ; 0            ; 29 (0)       ; 16 (0)            ; 7 (0)            ; 0 (0)           ; 0 (0)      ; |week6_2                                                                            ; week6_2           ; work         ;
;    |Decimal_to_Binary:inst1|         ; 9 (9)       ; 0            ; 0          ; 0    ; 0            ; 9 (9)        ; 0 (0)             ; 0 (0)            ; 0 (0)           ; 0 (0)      ; |week6_2|Decimal_to_Binary:inst1                                                    ; Decimal_to_Binary ; work         ;
;    |SM2:inst5|                       ; 11 (11)     ; 5            ; 0          ; 0    ; 0            ; 6 (6)        ; 0 (0)             ; 5 (5)            ; 0 (0)           ; 0 (0)      ; |week6_2|SM2:inst5                                                                  ; SM2               ; work         ;
;    |four_bit_counter:inst6|          ; 2 (2)       ; 2            ; 0          ; 0    ; 0            ; 0 (0)        ; 0 (0)             ; 2 (2)            ; 0 (0)           ; 0 (0)      ; |week6_2|four_bit_counter:inst6                                                     ; four_bit_counter  ; work         ;
;    |fourbit_four_sram:inst|          ; 30 (6)      ; 16           ; 0          ; 0    ; 0            ; 14 (6)       ; 16 (0)            ; 0 (0)            ; 0 (0)           ; 0 (0)      ; |week6_2|fourbit_four_sram:inst                                                     ; fourbit_four_sram ; work         ;
;       |busmux:inst20|                ; 8 (0)       ; 0            ; 0          ; 0    ; 0            ; 8 (0)        ; 0 (0)             ; 0 (0)            ; 0 (0)           ; 0 (0)      ; |week6_2|fourbit_four_sram:inst|busmux:inst20                                       ; busmux            ; work         ;
;          |lpm_mux:$00000|            ; 8 (0)       ; 0            ; 0          ; 0    ; 0            ; 8 (0)        ; 0 (0)             ; 0 (0)            ; 0 (0)           ; 0 (0)      ; |week6_2|fourbit_four_sram:inst|busmux:inst20|lpm_mux:$00000                        ; lpm_mux           ; work         ;
;             |mux_l6c:auto_generated| ; 8 (8)       ; 0            ; 0          ; 0    ; 0            ; 8 (8)        ; 0 (0)             ; 0 (0)            ; 0 (0)           ; 0 (0)      ; |week6_2|fourbit_four_sram:inst|busmux:inst20|lpm_mux:$00000|mux_l6c:auto_generated ; mux_l6c           ; work         ;
;       |four_bit_register:inst1|      ; 4 (4)       ; 4            ; 0          ; 0    ; 0            ; 0 (0)        ; 4 (4)             ; 0 (0)            ; 0 (0)           ; 0 (0)      ; |week6_2|fourbit_four_sram:inst|four_bit_register:inst1                             ; four_bit_register ; work         ;
;       |four_bit_register:inst2|      ; 4 (4)       ; 4            ; 0          ; 0    ; 0            ; 0 (0)        ; 4 (4)             ; 0 (0)            ; 0 (0)           ; 0 (0)      ; |week6_2|fourbit_four_sram:inst|four_bit_register:inst2                             ; four_bit_register ; work         ;
;       |four_bit_register:inst3|      ; 4 (4)       ; 4            ; 0          ; 0    ; 0            ; 0 (0)        ; 4 (4)             ; 0 (0)            ; 0 (0)           ; 0 (0)      ; |week6_2|fourbit_four_sram:inst|four_bit_register:inst3                             ; four_bit_register ; work         ;
;       |four_bit_register:inst|       ; 4 (4)       ; 4            ; 0          ; 0    ; 0            ; 0 (0)        ; 4 (4)             ; 0 (0)            ; 0 (0)           ; 0 (0)      ; |week6_2|fourbit_four_sram:inst|four_bit_register:inst                              ; four_bit_register ; work         ;
+--------------------------------------+-------------+--------------+------------+------+--------------+--------------+-------------------+------------------+-----------------+------------+-------------------------------------------------------------------------------------+-------------------+--------------+
Note: For table entries with two numbers listed, the numbers in parentheses indicate the number of resources of the given type used by the specific entity alone. The numbers listed outside of parentheses indicate the total resources of the given type used by the specific entity and all of its sub-entities in the hierarchy.


Encoding Type:  One-Hot
+-----------------------------------------------------------------------------------------------+
; State Machine - |week6_2|SM2:inst5|fstate                                                     ;
+---------------+---------------+---------------+---------------+---------------+---------------+
; Name          ; fstate.state4 ; fstate.state3 ; fstate.state2 ; fstate.state1 ; fstate.state5 ;
+---------------+---------------+---------------+---------------+---------------+---------------+
; fstate.state1 ; 0             ; 0             ; 0             ; 0             ; 0             ;
; fstate.state2 ; 0             ; 0             ; 1             ; 1             ; 0             ;
; fstate.state3 ; 0             ; 1             ; 0             ; 1             ; 0             ;
; fstate.state4 ; 1             ; 0             ; 0             ; 1             ; 0             ;
; fstate.state5 ; 0             ; 0             ; 0             ; 1             ; 1             ;
+---------------+---------------+---------------+---------------+---------------+---------------+


+------------------------------------------------------------+
; Registers Removed During Synthesis                         ;
+---------------------------------------+--------------------+
; Register name                         ; Reason for Removal ;
+---------------------------------------+--------------------+
; SM2:inst5|fstate~2                    ; Lost fanout        ;
; SM2:inst5|fstate~3                    ; Lost fanout        ;
; SM2:inst5|fstate~5                    ; Lost fanout        ;
; SM2:inst5|fstate~6                    ; Lost fanout        ;
; Total Number of Removed Registers = 4 ;                    ;
+---------------------------------------+--------------------+


+------------------------------------------------------+
; General Register Statistics                          ;
+----------------------------------------------+-------+
; Statistic                                    ; Value ;
+----------------------------------------------+-------+
; Total registers                              ; 23    ;
; Number of registers using Synchronous Clear  ; 3     ;
; Number of registers using Synchronous Load   ; 0     ;
; Number of registers using Asynchronous Clear ; 18    ;
; Number of registers using Asynchronous Load  ; 0     ;
; Number of registers using Clock Enable       ; 18    ;
; Number of registers using Preset             ; 0     ;
+----------------------------------------------+-------+


+------------------------------------------------------------------------------------------------------------------------------------------------------------------------------------------------------------------+
; Multiplexer Restructuring Statistics (Restructuring Performed)                                                                                                                                                   ;
+--------------------+-----------+---------------+----------------------+------------------------+------------+----------------------------------------------------------------------------------------------------+
; Multiplexer Inputs ; Bus Width ; Baseline Area ; Area if Restructured ; Saving if Restructured ; Registered ; Example Multiplexer Output                                                                         ;
+--------------------+-----------+---------------+----------------------+------------------------+------------+----------------------------------------------------------------------------------------------------+
; 4:1                ; 4 bits    ; 8 LEs         ; 8 LEs                ; 0 LEs                  ; No         ; |week6_2|fourbit_four_sram:inst|busmux:inst20|lpm_mux:$00000|mux_l6c:auto_generated|result_node[3] ;
+--------------------+-----------+---------------+----------------------+------------------------+------------+----------------------------------------------------------------------------------------------------+


+-----------------------------------------------------------------------------------+
; Parameter Settings for User Entity Instance: fourbit_four_sram:inst|BUSMUX:inst20 ;
+----------------+-------+----------------------------------------------------------+
; Parameter Name ; Value ; Type                                                     ;
+----------------+-------+----------------------------------------------------------+
; WIDTH          ; 4     ; Untyped                                                  ;
+----------------+-------+----------------------------------------------------------+
Note: In order to hide this table in the UI and the text report file, please set the "Show Parameter Settings in Synthesis Report" option in "Analysis and Synthesis Settings -> More Settings" to "Off".


+-----------------------------------------------------------------------------------+
; Parameter Settings for User Entity Instance: fourbit_four_sram:inst|BUSMUX:inst18 ;
+----------------+-------+----------------------------------------------------------+
; Parameter Name ; Value ; Type                                                     ;
+----------------+-------+----------------------------------------------------------+
; WIDTH          ; 4     ; Untyped                                                  ;
+----------------+-------+----------------------------------------------------------+
Note: In order to hide this table in the UI and the text report file, please set the "Show Parameter Settings in Synthesis Report" option in "Analysis and Synthesis Settings -> More Settings" to "Off".


+---------------------------------------------------------------------------------------------------------+
; Parameter Settings for User Entity Instance: fourbit_four_sram:inst|four_bit_register:inst|BUSMUX:inst4 ;
+----------------+-------+--------------------------------------------------------------------------------+
; Parameter Name ; Value ; Type                                                                           ;
+----------------+-------+--------------------------------------------------------------------------------+
; WIDTH          ; 1     ; Untyped                                                                        ;
+----------------+-------+--------------------------------------------------------------------------------+
Note: In order to hide this table in the UI and the text report file, please set the "Show Parameter Settings in Synthesis Report" option in "Analysis and Synthesis Settings -> More Settings" to "Off".


+---------------------------------------------------------------------------------------------------------+
; Parameter Settings for User Entity Instance: fourbit_four_sram:inst|four_bit_register:inst|BUSMUX:inst6 ;
+----------------+-------+--------------------------------------------------------------------------------+
; Parameter Name ; Value ; Type                                                                           ;
+----------------+-------+--------------------------------------------------------------------------------+
; WIDTH          ; 1     ; Untyped                                                                        ;
+----------------+-------+--------------------------------------------------------------------------------+
Note: In order to hide this table in the UI and the text report file, please set the "Show Parameter Settings in Synthesis Report" option in "Analysis and Synthesis Settings -> More Settings" to "Off".


+---------------------------------------------------------------------------------------------------------+
; Parameter Settings for User Entity Instance: fourbit_four_sram:inst|four_bit_register:inst|BUSMUX:inst5 ;
+----------------+-------+--------------------------------------------------------------------------------+
; Parameter Name ; Value ; Type                                                                           ;
+----------------+-------+--------------------------------------------------------------------------------+
; WIDTH          ; 1     ; Untyped                                                                        ;
+----------------+-------+--------------------------------------------------------------------------------+
Note: In order to hide this table in the UI and the text report file, please set the "Show Parameter Settings in Synthesis Report" option in "Analysis and Synthesis Settings -> More Settings" to "Off".


+---------------------------------------------------------------------------------------------------------+
; Parameter Settings for User Entity Instance: fourbit_four_sram:inst|four_bit_register:inst|BUSMUX:inst7 ;
+----------------+-------+--------------------------------------------------------------------------------+
; Parameter Name ; Value ; Type                                                                           ;
+----------------+-------+--------------------------------------------------------------------------------+
; WIDTH          ; 1     ; Untyped                                                                        ;
+----------------+-------+--------------------------------------------------------------------------------+
Note: In order to hide this table in the UI and the text report file, please set the "Show Parameter Settings in Synthesis Report" option in "Analysis and Synthesis Settings -> More Settings" to "Off".


+----------------------------------------------------------------------------------------------------------+
; Parameter Settings for User Entity Instance: fourbit_four_sram:inst|four_bit_register:inst1|BUSMUX:inst4 ;
+----------------+-------+---------------------------------------------------------------------------------+
; Parameter Name ; Value ; Type                                                                            ;
+----------------+-------+---------------------------------------------------------------------------------+
; WIDTH          ; 1     ; Untyped                                                                         ;
+----------------+-------+---------------------------------------------------------------------------------+
Note: In order to hide this table in the UI and the text report file, please set the "Show Parameter Settings in Synthesis Report" option in "Analysis and Synthesis Settings -> More Settings" to "Off".


+----------------------------------------------------------------------------------------------------------+
; Parameter Settings for User Entity Instance: fourbit_four_sram:inst|four_bit_register:inst1|BUSMUX:inst6 ;
+----------------+-------+---------------------------------------------------------------------------------+
; Parameter Name ; Value ; Type                                                                            ;
+----------------+-------+---------------------------------------------------------------------------------+
; WIDTH          ; 1     ; Untyped                                                                         ;
+----------------+-------+---------------------------------------------------------------------------------+
Note: In order to hide this table in the UI and the text report file, please set the "Show Parameter Settings in Synthesis Report" option in "Analysis and Synthesis Settings -> More Settings" to "Off".


+----------------------------------------------------------------------------------------------------------+
; Parameter Settings for User Entity Instance: fourbit_four_sram:inst|four_bit_register:inst1|BUSMUX:inst5 ;
+----------------+-------+---------------------------------------------------------------------------------+
; Parameter Name ; Value ; Type                                                                            ;
+----------------+-------+---------------------------------------------------------------------------------+
; WIDTH          ; 1     ; Untyped                                                                         ;
+----------------+-------+---------------------------------------------------------------------------------+
Note: In order to hide this table in the UI and the text report file, please set the "Show Parameter Settings in Synthesis Report" option in "Analysis and Synthesis Settings -> More Settings" to "Off".


+----------------------------------------------------------------------------------------------------------+
; Parameter Settings for User Entity Instance: fourbit_four_sram:inst|four_bit_register:inst1|BUSMUX:inst7 ;
+----------------+-------+---------------------------------------------------------------------------------+
; Parameter Name ; Value ; Type                                                                            ;
+----------------+-------+---------------------------------------------------------------------------------+
; WIDTH          ; 1     ; Untyped                                                                         ;
+----------------+-------+---------------------------------------------------------------------------------+
Note: In order to hide this table in the UI and the text report file, please set the "Show Parameter Settings in Synthesis Report" option in "Analysis and Synthesis Settings -> More Settings" to "Off".


+-----------------------------------------------------------------------------------+
; Parameter Settings for User Entity Instance: fourbit_four_sram:inst|BUSMUX:inst19 ;
+----------------+-------+----------------------------------------------------------+
; Parameter Name ; Value ; Type                                                     ;
+----------------+-------+----------------------------------------------------------+
; WIDTH          ; 4     ; Untyped                                                  ;
+----------------+-------+----------------------------------------------------------+
Note: In order to hide this table in the UI and the text report file, please set the "Show Parameter Settings in Synthesis Report" option in "Analysis and Synthesis Settings -> More Settings" to "Off".


+----------------------------------------------------------------------------------------------------------+
; Parameter Settings for User Entity Instance: fourbit_four_sram:inst|four_bit_register:inst2|BUSMUX:inst4 ;
+----------------+-------+---------------------------------------------------------------------------------+
; Parameter Name ; Value ; Type                                                                            ;
+----------------+-------+---------------------------------------------------------------------------------+
; WIDTH          ; 1     ; Untyped                                                                         ;
+----------------+-------+---------------------------------------------------------------------------------+
Note: In order to hide this table in the UI and the text report file, please set the "Show Parameter Settings in Synthesis Report" option in "Analysis and Synthesis Settings -> More Settings" to "Off".


+----------------------------------------------------------------------------------------------------------+
; Parameter Settings for User Entity Instance: fourbit_four_sram:inst|four_bit_register:inst2|BUSMUX:inst6 ;
+----------------+-------+---------------------------------------------------------------------------------+
; Parameter Name ; Value ; Type                                                                            ;
+----------------+-------+---------------------------------------------------------------------------------+
; WIDTH          ; 1     ; Untyped                                                                         ;
+----------------+-------+---------------------------------------------------------------------------------+
Note: In order to hide this table in the UI and the text report file, please set the "Show Parameter Settings in Synthesis Report" option in "Analysis and Synthesis Settings -> More Settings" to "Off".


+----------------------------------------------------------------------------------------------------------+
; Parameter Settings for User Entity Instance: fourbit_four_sram:inst|four_bit_register:inst2|BUSMUX:inst5 ;
+----------------+-------+---------------------------------------------------------------------------------+
; Parameter Name ; Value ; Type                                                                            ;
+----------------+-------+---------------------------------------------------------------------------------+
; WIDTH          ; 1     ; Untyped                                                                         ;
+----------------+-------+---------------------------------------------------------------------------------+
Note: In order to hide this table in the UI and the text report file, please set the "Show Parameter Settings in Synthesis Report" option in "Analysis and Synthesis Settings -> More Settings" to "Off".


+----------------------------------------------------------------------------------------------------------+
; Parameter Settings for User Entity Instance: fourbit_four_sram:inst|four_bit_register:inst2|BUSMUX:inst7 ;
+----------------+-------+---------------------------------------------------------------------------------+
; Parameter Name ; Value ; Type                                                                            ;
+----------------+-------+---------------------------------------------------------------------------------+
; WIDTH          ; 1     ; Untyped                                                                         ;
+----------------+-------+---------------------------------------------------------------------------------+
Note: In order to hide this table in the UI and the text report file, please set the "Show Parameter Settings in Synthesis Report" option in "Analysis and Synthesis Settings -> More Settings" to "Off".


+----------------------------------------------------------------------------------------------------------+
; Parameter Settings for User Entity Instance: fourbit_four_sram:inst|four_bit_register:inst3|BUSMUX:inst4 ;
+----------------+-------+---------------------------------------------------------------------------------+
; Parameter Name ; Value ; Type                                                                            ;
+----------------+-------+---------------------------------------------------------------------------------+
; WIDTH          ; 1     ; Untyped                                                                         ;
+----------------+-------+---------------------------------------------------------------------------------+
Note: In order to hide this table in the UI and the text report file, please set the "Show Parameter Settings in Synthesis Report" option in "Analysis and Synthesis Settings -> More Settings" to "Off".


+----------------------------------------------------------------------------------------------------------+
; Parameter Settings for User Entity Instance: fourbit_four_sram:inst|four_bit_register:inst3|BUSMUX:inst6 ;
+----------------+-------+---------------------------------------------------------------------------------+
; Parameter Name ; Value ; Type                                                                            ;
+----------------+-------+---------------------------------------------------------------------------------+
; WIDTH          ; 1     ; Untyped                                                                         ;
+----------------+-------+---------------------------------------------------------------------------------+
Note: In order to hide this table in the UI and the text report file, please set the "Show Parameter Settings in Synthesis Report" option in "Analysis and Synthesis Settings -> More Settings" to "Off".


+----------------------------------------------------------------------------------------------------------+
; Parameter Settings for User Entity Instance: fourbit_four_sram:inst|four_bit_register:inst3|BUSMUX:inst5 ;
+----------------+-------+---------------------------------------------------------------------------------+
; Parameter Name ; Value ; Type                                                                            ;
+----------------+-------+---------------------------------------------------------------------------------+
; WIDTH          ; 1     ; Untyped                                                                         ;
+----------------+-------+---------------------------------------------------------------------------------+
Note: In order to hide this table in the UI and the text report file, please set the "Show Parameter Settings in Synthesis Report" option in "Analysis and Synthesis Settings -> More Settings" to "Off".


+----------------------------------------------------------------------------------------------------------+
; Parameter Settings for User Entity Instance: fourbit_four_sram:inst|four_bit_register:inst3|BUSMUX:inst7 ;
+----------------+-------+---------------------------------------------------------------------------------+
; Parameter Name ; Value ; Type                                                                            ;
+----------------+-------+---------------------------------------------------------------------------------+
; WIDTH          ; 1     ; Untyped                                                                         ;
+----------------+-------+---------------------------------------------------------------------------------+
Note: In order to hide this table in the UI and the text report file, please set the "Show Parameter Settings in Synthesis Report" option in "Analysis and Synthesis Settings -> More Settings" to "Off".


+--------------------------------------------------------+
; Parameter Settings for User Entity Instance: SM2:inst5 ;
+----------------+-------+-------------------------------+
; Parameter Name ; Value ; Type                          ;
+----------------+-------+-------------------------------+
; state1         ; 0     ; Signed Integer                ;
; state2         ; 1     ; Signed Integer                ;
; state3         ; 2     ; Signed Integer                ;
; state4         ; 3     ; Signed Integer                ;
; state5         ; 4     ; Signed Integer                ;
+----------------+-------+-------------------------------+
Note: In order to hide this table in the UI and the text report file, please set the "Show Parameter Settings in Synthesis Report" option in "Analysis and Synthesis Settings -> More Settings" to "Off".


+-------------------------------+
; Analysis & Synthesis Messages ;
+-------------------------------+
Info: *******************************************************************
Info: Running Quartus Prime Analysis & Synthesis
    Info: Version 20.1.1 Build 720 11/11/2020 SJ Lite Edition
    Info: Processing started: Tue Oct 10 15:41:24 2023
Info: Command: quartus_map --read_settings_files=on --write_settings_files=off week6_2 -c week6_2
Warning (18236): Number of processors has not been specified which may cause overloading on shared machines.  Set the global assignment NUM_PARALLEL_PROCESSORS in your QSF to an appropriate value for best performance.
Info (20030): Parallel compilation is enabled and will use 4 of the 4 processors detected
Info (12021): Found 1 design units, including 1 entities, in source file week6_2.bdf
    Info (12023): Found entity 1: week6_2
Info (12021): Found 1 design units, including 1 entities, in source file decimal_to_binary.bdf
    Info (12023): Found entity 1: Decimal_to_Binary
Info (12021): Found 1 design units, including 1 entities, in source file four_bit_counter.bdf
    Info (12023): Found entity 1: four_bit_counter
Info (12021): Found 1 design units, including 1 entities, in source file four_bit_register.bdf
    Info (12023): Found entity 1: four_bit_register
Info (12021): Found 1 design units, including 1 entities, in source file fourbit_four_sram.bdf
    Info (12023): Found entity 1: fourbit_four_sram
Info (12127): Elaborating entity "week6_2" for the top level hierarchy
Info (12128): Elaborating entity "fourbit_four_sram" for hierarchy "fourbit_four_sram:inst"
Info (12128): Elaborating entity "BUSMUX" for hierarchy "fourbit_four_sram:inst|BUSMUX:inst20"
Info (12130): Elaborated megafunction instantiation "fourbit_four_sram:inst|BUSMUX:inst20"
Info (12133): Instantiated megafunction "fourbit_four_sram:inst|BUSMUX:inst20" with the following parameter:
    Info (12134): Parameter "WIDTH" = "4"
Info (12128): Elaborating entity "lpm_mux" for hierarchy "fourbit_four_sram:inst|BUSMUX:inst20|lpm_mux:$00000" File: c:/intelfpga_lite/20.1/quartus/libraries/megafunctions/busmux.tdf Line: 44
Info (12131): Elaborated megafunction instantiation "fourbit_four_sram:inst|BUSMUX:inst20|lpm_mux:$00000", which is child of megafunction instantiation "fourbit_four_sram:inst|BUSMUX:inst20" File: c:/intelfpga_lite/20.1/quartus/libraries/megafunctions/busmux.tdf Line: 44
Info (12021): Found 1 design units, including 1 entities, in source file db/mux_l6c.tdf
    Info (12023): Found entity 1: mux_l6c File: C:/intelFPGA_lite/20.1/week6/work2/db/mux_l6c.tdf Line: 23
Info (12128): Elaborating entity "mux_l6c" for hierarchy "fourbit_four_sram:inst|BUSMUX:inst20|lpm_mux:$00000|mux_l6c:auto_generated" File: c:/intelfpga_lite/20.1/quartus/libraries/megafunctions/lpm_mux.tdf Line: 87
Info (12128): Elaborating entity "four_bit_register" for hierarchy "fourbit_four_sram:inst|four_bit_register:inst"
Info (12128): Elaborating entity "BUSMUX" for hierarchy "fourbit_four_sram:inst|four_bit_register:inst|BUSMUX:inst4"
Info (12130): Elaborated megafunction instantiation "fourbit_four_sram:inst|four_bit_register:inst|BUSMUX:inst4"
Info (12133): Instantiated megafunction "fourbit_four_sram:inst|four_bit_register:inst|BUSMUX:inst4" with the following parameter:
    Info (12134): Parameter "WIDTH" = "1"
Info (12128): Elaborating entity "lpm_mux" for hierarchy "fourbit_four_sram:inst|four_bit_register:inst|BUSMUX:inst4|lpm_mux:$00000" File: c:/intelfpga_lite/20.1/quartus/libraries/megafunctions/busmux.tdf Line: 44
Info (12131): Elaborated megafunction instantiation "fourbit_four_sram:inst|four_bit_register:inst|BUSMUX:inst4|lpm_mux:$00000", which is child of megafunction instantiation "fourbit_four_sram:inst|four_bit_register:inst|BUSMUX:inst4" File: c:/intelfpga_lite/20.1/quartus/libraries/megafunctions/busmux.tdf Line: 44
Info (12021): Found 1 design units, including 1 entities, in source file db/mux_i6c.tdf
    Info (12023): Found entity 1: mux_i6c File: C:/intelFPGA_lite/20.1/week6/work2/db/mux_i6c.tdf Line: 23
Info (12128): Elaborating entity "mux_i6c" for hierarchy "fourbit_four_sram:inst|four_bit_register:inst|BUSMUX:inst4|lpm_mux:$00000|mux_i6c:auto_generated" File: c:/intelfpga_lite/20.1/quartus/libraries/megafunctions/lpm_mux.tdf Line: 87
Warning (12125): Using design file sm2.v, which is not specified as a design file for the current project, but contains definitions for 1 design units and 1 entities in project
    Info (12023): Found entity 1: SM2 File: C:/intelFPGA_lite/20.1/week6/work2/sm2.v Line: 23
Info (12128): Elaborating entity "SM2" for hierarchy "SM2:inst5"
Info (12128): Elaborating entity "Decimal_to_Binary" for hierarchy "Decimal_to_Binary:inst1"
Info (12128): Elaborating entity "four_bit_counter" for hierarchy "four_bit_counter:inst6"
Info (17049): 4 registers lost all their fanouts during netlist optimizations.
Info (21057): Implemented 70 device resources after synthesis - the final resource count might be different
    Info (21058): Implemented 14 input pins
    Info (21059): Implemented 4 output pins
    Info (21061): Implemented 52 logic cells
Info: Quartus Prime Analysis & Synthesis was successful. 0 errors, 2 warnings
    Info: Peak virtual memory: 4705 megabytes
    Info: Processing ended: Tue Oct 10 15:41:30 2023
    Info: Elapsed time: 00:00:06
    Info: Total CPU time (on all processors): 00:00:07


