Flow report for work4
Tue Sep 26 19:48:23 2023
Quartus Prime Version 20.1.1 Build 720 11/11/2020 SJ Lite Edition


---------------------
; Table of Contents ;
---------------------
  1. Legal Notice
  2. Flow Summary
  3. Flow Settings
  4. Flow Non-Default Global Settings
  5. Flow Elapsed Time
  6. Flow OS Summary
  7. Flow Log
  8. Flow Messages
  9. Flow Suppressed Messages



----------------
; Legal Notice ;
----------------
Copyright (C) 2020  Intel Corporation. All rights reserved.
Your use of Intel Corporation's design tools, logic functions 
and other software and tools, and any partner logic 
functions, and any output files from any of the foregoing 
(including device programming or simulation files), and any 
associated documentation or information are expressly subject 
to the terms and conditions of the Intel Program License 
Subscription Agreement, the Intel Quartus Prime License Agreement,
the Intel FPGA IP License Agreement, or other applicable license
agreement, including, without limitation, that your use is for
the sole purpose of programming logic devices manufactured by
Intel and sold by Intel or its authorized distributors.  Please
refer to the applicable agreement for further details, at
https://fpgasoftware.intel.com/eula.



+-------------------------------------------------------------------------------+
; Flow Summary                                                                  ;
+---------------------------------+---------------------------------------------+
; Flow Status                     ; Successful - Tue Sep 26 19:48:23 2023       ;
; Quartus Prime Version           ; 20.1.1 Build 720 11/11/2020 SJ Lite Edition ;
; Revision Name                   ; work4                                       ;
; Top-level Entity Name           ; work5                                       ;
; Family                          ; Cyclone V                                   ;
; Device                          ; 5CGXFC7C7F23C8                              ;
; Timing Models                   ; Final                                       ;
; Logic utilization (in ALMs)     ; 3 / 56,480 ( < 1 % )                        ;
; Total registers                 ; 8                                           ;
; Total pins                      ; 15 / 268 ( 6 % )                            ;
; Total virtual pins              ; 0                                           ;
; Total block memory bits         ; 0 / 7,024,640 ( 0 % )                       ;
; Total DSP Blocks                ; 0 / 156 ( 0 % )                             ;
; Total HSSI RX PCSs              ; 0 / 6 ( 0 % )                               ;
; Total HSSI PMA RX Deserializers ; 0 / 6 ( 0 % )                               ;
; Total HSSI TX PCSs              ; 0 / 6 ( 0 % )                               ;
; Total HSSI PMA TX Serializers   ; 0 / 6 ( 0 % )                               ;
; Total PLLs                      ; 0 / 13 ( 0 % )                              ;
; Total DLLs                      ; 0 / 4 ( 0 % )                               ;
+---------------------------------+---------------------------------------------+


+-----------------------------------------+
; Flow Settings                           ;
+-------------------+---------------------+
; Option            ; Setting             ;
+-------------------+---------------------+
; Start date & time ; 09/26/2023 19:41:45 ;
; Main task         ; Compilation         ;
; Revision Name     ; work4               ;
+-------------------+---------------------+


+-------------------------------------------------------------------------------------------------------------------------+
; Flow Non-Default Global Settings                                                                                        ;
+-------------------------------------+----------------------------------------+---------------+-------------+------------+
; Assignment Name                     ; Value                                  ; Default Value ; Entity Name ; Section Id ;
+-------------------------------------+----------------------------------------+---------------+-------------+------------+
; COMPILER_SIGNATURE_ID               ; 10995770589194.169572490513688         ; --            ; --          ; --         ;
; PARTITION_COLOR                     ; -- (Not supported for targeted family) ; --            ; work5       ; Top        ;
; PARTITION_FITTER_PRESERVATION_LEVEL ; -- (Not supported for targeted family) ; --            ; work5       ; Top        ;
; PARTITION_NETLIST_TYPE              ; -- (Not supported for targeted family) ; --            ; work5       ; Top        ;
; PROJECT_OUTPUT_DIRECTORY            ; output_files                           ; --            ; --          ; --         ;
; TOP_LEVEL_ENTITY                    ; work5                                  ; work4         ; --          ; --         ;
+-------------------------------------+----------------------------------------+---------------+-------------+------------+


+--------------------------------------------------------------------------------------------------------------------------+
; Flow Elapsed Time                                                                                                        ;
+----------------------+--------------+-------------------------+---------------------+------------------------------------+
; Module Name          ; Elapsed Time ; Average Processors Used ; Peak Virtual Memory ; Total CPU Time (on all processors) ;
+----------------------+--------------+-------------------------+---------------------+------------------------------------+
; Analysis & Synthesis ; 00:00:06     ; 1.0                     ; 4827 MB             ; 00:00:07                           ;
; Fitter               ; 00:00:24     ; 1.0                     ; 6670 MB             ; 00:00:35                           ;
; EDA Netlist Writer   ; 00:00:01     ; 1.0                     ; 4716 MB             ; 00:00:01                           ;
; EDA Netlist Writer   ; 00:00:01     ; 1.0                     ; 4723 MB             ; 00:00:01                           ;
; EDA Netlist Writer   ; 00:00:01     ; 1.0                     ; 4716 MB             ; 00:00:01                           ;
; EDA Netlist Writer   ; 00:00:01     ; 1.0                     ; 4723 MB             ; 00:00:01                           ;
; Analysis & Synthesis ; 00:00:07     ; 1.0                     ; 4829 MB             ; 00:00:07                           ;
; Fitter               ; 00:00:25     ; 1.0                     ; 6672 MB             ; 00:00:31                           ;
; EDA Netlist Writer   ; 00:00:00     ; 1.0                     ; 4716 MB             ; 00:00:01                           ;
; EDA Netlist Writer   ; 00:00:00     ; 1.0                     ; 4724 MB             ; 00:00:01                           ;
; Total                ; 00:01:06     ; --                      ; --                  ; 00:01:26                           ;
+----------------------+--------------+-------------------------+---------------------+------------------------------------+


+------------------------------------------------------------------------------------+
; Flow OS Summary                                                                    ;
+----------------------+------------------+------------+------------+----------------+
; Module Name          ; Machine Hostname ; OS Name    ; OS Version ; Processor type ;
+----------------------+------------------+------------+------------+----------------+
; Analysis & Synthesis ; ±èÁø¿ì           ; Windows 10 ; 10.0       ; x86_64         ;
; Fitter               ; ±èÁø¿ì           ; Windows 10 ; 10.0       ; x86_64         ;
; EDA Netlist Writer   ; ±èÁø¿ì           ; Windows 10 ; 10.0       ; x86_64         ;
; EDA Netlist Writer   ; ±èÁø¿ì           ; Windows 10 ; 10.0       ; x86_64         ;
; EDA Netlist Writer   ; ±èÁø¿ì           ; Windows 10 ; 10.0       ; x86_64         ;
; EDA Netlist Writer   ; ±èÁø¿ì           ; Windows 10 ; 10.0       ; x86_64         ;
; Analysis & Synthesis ; ±èÁø¿ì           ; Windows 10 ; 10.0       ; x86_64         ;
; Fitter               ; ±èÁø¿ì           ; Windows 10 ; 10.0       ; x86_64         ;
; EDA Netlist Writer   ; ±èÁø¿ì           ; Windows 10 ; 10.0       ; x86_64         ;
; EDA Netlist Writer   ; ±èÁø¿ì           ; Windows 10 ; 10.0       ; x86_64         ;
+----------------------+------------------+------------+------------+----------------+


------------
; Flow Log ;
------------
quartus_map --read_settings_files=on --write_settings_files=off work4 -c work4
quartus_fit --read_settings_files=on --write_settings_files=off work4 -c work4
quartus_eda --read_settings_files=on --write_settings_files=off work4 -c work4
quartus_eda --gen_testbench --tool=modelsim_oem --format=verilog --write_settings_files=off work4 -c work4 --vector_source=C:/intelFPGA_lite/20.1/week4/work4/Waveform7.vwf --testbench_file=C:/intelFPGA_lite/20.1/week4/work4/simulation/qsim/Waveform7.vwf.vt
quartus_eda --write_settings_files=off --simulation=on --functional=on --flatten_buses=off --tool=modelsim_oem --format=verilog --output_directory=C:/intelFPGA_lite/20.1/week4/work4/simulation/qsim/ work4 -c work4
quartus_eda --gen_testbench --tool=modelsim_oem --format=verilog --write_settings_files=off work4 -c work4 --vector_source=C:/intelFPGA_lite/20.1/week4/work4/Waveform7.vwf --testbench_file=C:/intelFPGA_lite/20.1/week4/work4/simulation/qsim/Waveform7.vwf.vt
quartus_eda --write_settings_files=off --simulation=on --functional=on --flatten_buses=off --tool=modelsim_oem --format=verilog --output_directory=C:/intelFPGA_lite/20.1/week4/work4/simulation/qsim/ work4 -c work4
quartus_map --read_settings_files=on --write_settings_files=off work4 -c work4
quartus_fit --read_settings_files=on --write_settings_files=off work4 -c work4
quartus_eda --read_settings_files=off --write_settings_files=off work4 -c work4
quartus_eda --gen_testbench --tool=modelsim_oem --format=verilog --write_settings_files=off work4 -c work4 --vector_source=C:/intelFPGA_lite/20.1/week4/work4/Waveform8.vwf --testbench_file=C:/intelFPGA_lite/20.1/week4/work4/simulation/qsim/Waveform8.vwf.vt
quartus_eda --write_settings_files=off --simulation=on --functional=on --flatten_buses=off --tool=modelsim_oem --format=verilog --output_directory=C:/intelFPGA_lite/20.1/week4/work4/simulation/qsim/ work4 -c work4



