Analysis & Synthesis report for 10_1
Tue Oct 31 20:03:39 2023
Quartus Prime Version 20.1.1 Build 720 11/11/2020 SJ Lite Edition


---------------------
; Table of Contents ;
---------------------
  1. Legal Notice
  2. Analysis & Synthesis Summary
  3. Analysis & Synthesis Settings
  4. Parallel Compilation
  5. Analysis & Synthesis Source Files Read
  6. Analysis & Synthesis Resource Usage Summary
  7. Analysis & Synthesis Resource Utilization by Entity
  8. General Register Statistics
  9. Multiplexer Restructuring Statistics (Restructuring Performed)
 10. Analysis & Synthesis Messages



----------------
; Legal Notice ;
----------------
Copyright (C) 2020  Intel Corporation. All rights reserved.
Your use of Intel Corporation's design tools, logic functions 
and other software and tools, and any partner logic 
functions, and any output files from any of the foregoing 
(including device programming or simulation files), and any 
associated documentation or information are expressly subject 
to the terms and conditions of the Intel Program License 
Subscription Agreement, the Intel Quartus Prime License Agreement,
the Intel FPGA IP License Agreement, or other applicable license
agreement, including, without limitation, that your use is for
the sole purpose of programming logic devices manufactured by
Intel and sold by Intel or its authorized distributors.  Please
refer to the applicable agreement for further details, at
https://fpgasoftware.intel.com/eula.



+---------------------------------------------------------------------------+
; Analysis & Synthesis Summary                                              ;
+-----------------------------+---------------------------------------------+
; Analysis & Synthesis Status ; Successful - Tue Oct 31 20:03:39 2023       ;
; Quartus Prime Version       ; 20.1.1 Build 720 11/11/2020 SJ Lite Edition ;
; Revision Name               ; 10_1                                        ;
; Top-level Entity Name       ; assignment10_2                              ;
; Family                      ; MAX V                                       ;
; Total logic elements        ; 44                                          ;
; Total pins                  ; 27                                          ;
; Total virtual pins          ; 0                                           ;
; UFM blocks                  ; 0 / 1 ( 0 % )                               ;
+-----------------------------+---------------------------------------------+


+------------------------------------------------------------------------------------------------------------+
; Analysis & Synthesis Settings                                                                              ;
+------------------------------------------------------------------+--------------------+--------------------+
; Option                                                           ; Setting            ; Default Value      ;
+------------------------------------------------------------------+--------------------+--------------------+
; Top-level entity name                                            ; assignment10_2     ; 10_1               ;
; Family name                                                      ; MAX V              ; Cyclone V          ;
; Use smart compilation                                            ; Off                ; Off                ;
; Enable parallel Assembler and Timing Analyzer during compilation ; On                 ; On                 ;
; Enable compact report table                                      ; Off                ; Off                ;
; Restructure Multiplexers                                         ; Auto               ; Auto               ;
; Create Debugging Nodes for IP Cores                              ; Off                ; Off                ;
; Preserve fewer node names                                        ; On                 ; On                 ;
; Intel FPGA IP Evaluation Mode                                    ; Enable             ; Enable             ;
; Verilog Version                                                  ; Verilog_2001       ; Verilog_2001       ;
; VHDL Version                                                     ; VHDL_1993          ; VHDL_1993          ;
; State Machine Processing                                         ; Auto               ; Auto               ;
; Safe State Machine                                               ; Off                ; Off                ;
; Extract Verilog State Machines                                   ; On                 ; On                 ;
; Extract VHDL State Machines                                      ; On                 ; On                 ;
; Ignore Verilog initial constructs                                ; Off                ; Off                ;
; Iteration limit for constant Verilog loops                       ; 5000               ; 5000               ;
; Iteration limit for non-constant Verilog loops                   ; 250                ; 250                ;
; Add Pass-Through Logic to Inferred RAMs                          ; On                 ; On                 ;
; Infer RAMs from Raw Logic                                        ; On                 ; On                 ;
; Parallel Synthesis                                               ; On                 ; On                 ;
; NOT Gate Push-Back                                               ; On                 ; On                 ;
; Power-Up Don't Care                                              ; On                 ; On                 ;
; Remove Redundant Logic Cells                                     ; Off                ; Off                ;
; Remove Duplicate Registers                                       ; On                 ; On                 ;
; Ignore CARRY Buffers                                             ; Off                ; Off                ;
; Ignore CASCADE Buffers                                           ; Off                ; Off                ;
; Ignore GLOBAL Buffers                                            ; Off                ; Off                ;
; Ignore ROW GLOBAL Buffers                                        ; Off                ; Off                ;
; Ignore LCELL Buffers                                             ; Off                ; Off                ;
; Ignore SOFT Buffers                                              ; On                 ; On                 ;
; Limit AHDL Integers to 32 Bits                                   ; Off                ; Off                ;
; Optimization Technique                                           ; Balanced           ; Balanced           ;
; Carry Chain Length                                               ; 70                 ; 70                 ;
; Auto Carry Chains                                                ; On                 ; On                 ;
; Auto Open-Drain Pins                                             ; On                 ; On                 ;
; Perform WYSIWYG Primitive Resynthesis                            ; Off                ; Off                ;
; Auto Shift Register Replacement                                  ; Auto               ; Auto               ;
; Allow Shift Register Merging across Hierarchies                  ; Auto               ; Auto               ;
; Auto Clock Enable Replacement                                    ; On                 ; On                 ;
; Allow Synchronous Control Signals                                ; On                 ; On                 ;
; Force Use of Synchronous Clear Signals                           ; Off                ; Off                ;
; Auto Resource Sharing                                            ; Off                ; Off                ;
; Use LogicLock Constraints during Resource Balancing              ; On                 ; On                 ;
; Ignore translate_off and synthesis_off directives                ; Off                ; Off                ;
; Report Parameter Settings                                        ; On                 ; On                 ;
; Report Source Assignments                                        ; On                 ; On                 ;
; Report Connectivity Checks                                       ; On                 ; On                 ;
; Ignore Maximum Fan-Out Assignments                               ; Off                ; Off                ;
; Synchronization Register Chain Length                            ; 2                  ; 2                  ;
; Power Optimization During Synthesis                              ; Normal compilation ; Normal compilation ;
; HDL message level                                                ; Level2             ; Level2             ;
; Suppress Register Optimization Related Messages                  ; Off                ; Off                ;
; Number of Removed Registers Reported in Synthesis Report         ; 5000               ; 5000               ;
; Number of Swept Nodes Reported in Synthesis Report               ; 5000               ; 5000               ;
; Number of Inverted Registers Reported in Synthesis Report        ; 100                ; 100                ;
; Clock MUX Protection                                             ; On                 ; On                 ;
; Block Design Naming                                              ; Auto               ; Auto               ;
; Synthesis Effort                                                 ; Auto               ; Auto               ;
; Shift Register Replacement - Allow Asynchronous Clear Signal     ; On                 ; On                 ;
; Analysis & Synthesis Message Level                               ; Medium             ; Medium             ;
; Disable Register Merging Across Hierarchies                      ; Auto               ; Auto               ;
+------------------------------------------------------------------+--------------------+--------------------+


+------------------------------------------+
; Parallel Compilation                     ;
+----------------------------+-------------+
; Processors                 ; Number      ;
+----------------------------+-------------+
; Number detected on machine ; 8           ;
; Maximum allowed            ; 4           ;
;                            ;             ;
; Average used               ; 1.00        ;
; Maximum used               ; 1           ;
;                            ;             ;
; Usage by Processor         ; % Time Used ;
;     Processor 1            ; 100.0%      ;
+----------------------------+-------------+


+----------------------------------------------------------------------------------------------------------------------------------------------------------------+
; Analysis & Synthesis Source Files Read                                                                                                                         ;
+----------------------------------+-----------------+------------------------------------+------------------------------------------------------------+---------+
; File Name with User-Entered Path ; Used in Netlist ; File Type                          ; File Name with Absolute Path                               ; Library ;
+----------------------------------+-----------------+------------------------------------+------------------------------------------------------------+---------+
; fourbit_reg_sram.bdf             ; yes             ; User Block Diagram/Schematic File  ; C:/intelFPGA_lite/20.1/assignment_10/fourbit_reg_sram.bdf  ;         ;
; four_bit_register.bdf            ; yes             ; User Block Diagram/Schematic File  ; C:/intelFPGA_lite/20.1/assignment_10/four_bit_register.bdf ;         ;
; trigger.bdf                      ; yes             ; User Block Diagram/Schematic File  ; C:/intelFPGA_lite/20.1/assignment_10/trigger.bdf           ;         ;
; mx_4bit_2x1.bdf                  ; yes             ; User Block Diagram/Schematic File  ; C:/intelFPGA_lite/20.1/assignment_10/mx_4bit_2x1.bdf       ;         ;
; mx_2x1.bdf                       ; yes             ; User Block Diagram/Schematic File  ; C:/intelFPGA_lite/20.1/assignment_10/mx_2x1.bdf            ;         ;
; d2b.bdf                          ; yes             ; User Block Diagram/Schematic File  ; C:/intelFPGA_lite/20.1/assignment_10/d2b.bdf               ;         ;
; bto7.v                           ; yes             ; User Verilog HDL File              ; C:/intelFPGA_lite/20.1/assignment_10/bto7.v                ;         ;
; assignment10_2.bdf               ; yes             ; User Block Diagram/Schematic File  ; C:/intelFPGA_lite/20.1/assignment_10/assignment10_2.bdf    ;         ;
; counter4.bdf                     ; yes             ; User Block Diagram/Schematic File  ; C:/intelFPGA_lite/20.1/assignment_10/counter4.bdf          ;         ;
+----------------------------------+-----------------+------------------------------------+------------------------------------------------------------+---------+


+-----------------------------------------------------+
; Analysis & Synthesis Resource Usage Summary         ;
+---------------------------------------------+-------+
; Resource                                    ; Usage ;
+---------------------------------------------+-------+
; Total logic elements                        ; 44    ;
;     -- Combinational with no register       ; 24    ;
;     -- Register only                        ; 13    ;
;     -- Combinational with a register        ; 7     ;
;                                             ;       ;
; Logic element usage by number of LUT inputs ;       ;
;     -- 4 input functions                    ; 20    ;
;     -- 3 input functions                    ; 2     ;
;     -- 2 input functions                    ; 8     ;
;     -- 1 input functions                    ; 1     ;
;     -- 0 input functions                    ; 0     ;
;                                             ;       ;
; Logic elements by mode                      ;       ;
;     -- normal mode                          ; 44    ;
;     -- arithmetic mode                      ; 0     ;
;     -- qfbk mode                            ; 0     ;
;     -- register cascade mode                ; 0     ;
;     -- synchronous clear/load mode          ; 0     ;
;     -- asynchronous clear/load mode         ; 20    ;
;                                             ;       ;
; Total registers                             ; 20    ;
; I/O pins                                    ; 27    ;
; Maximum fan-out node                        ; clk20 ;
; Maximum fan-out                             ; 20    ;
; Total fan-out                               ; 183   ;
; Average fan-out                             ; 2.58  ;
+---------------------------------------------+-------+


+--------------------------------------------------------------------------------------------------------------------------------------------------------------------------------------------------------------------------------------------------------------------------------------------+
; Analysis & Synthesis Resource Utilization by Entity                                                                                                                                                                                                                                        ;
+---------------------------------+-------------+--------------+------------+------+--------------+--------------+-------------------+------------------+-----------------+------------+------------------------------------------------------------------+-------------------+--------------+
; Compilation Hierarchy Node      ; Logic Cells ; LC Registers ; UFM Blocks ; Pins ; Virtual Pins ; LUT-Only LCs ; Register-Only LCs ; LUT/Register LCs ; Carry Chain LCs ; Packed LCs ; Full Hierarchy Name                                              ; Entity Name       ; Library Name ;
+---------------------------------+-------------+--------------+------------+------+--------------+--------------+-------------------+------------------+-----------------+------------+------------------------------------------------------------------+-------------------+--------------+
; |assignment10_2                 ; 44 (7)      ; 20           ; 0          ; 27   ; 0            ; 24 (7)       ; 13 (0)            ; 7 (0)            ; 0 (0)           ; 0 (0)      ; |assignment10_2                                                  ; assignment10_2    ; work         ;
;    |counter4:inst8|             ; 2 (2)       ; 2            ; 0          ; 0    ; 0            ; 0 (0)        ; 0 (0)             ; 2 (2)            ; 0 (0)           ; 0 (0)      ; |assignment10_2|counter4:inst8                                   ; counter4          ; work         ;
;    |d2b:inst|                   ; 1 (1)       ; 0            ; 0          ; 0    ; 0            ; 1 (1)        ; 0 (0)             ; 0 (0)            ; 0 (0)           ; 0 (0)      ; |assignment10_2|d2b:inst                                         ; d2b               ; work         ;
;    |fourbit_reg_sram:inst111|   ; 24 (0)      ; 16           ; 0          ; 0    ; 0            ; 8 (0)        ; 12 (0)            ; 4 (0)            ; 0 (0)           ; 0 (0)      ; |assignment10_2|fourbit_reg_sram:inst111                         ; fourbit_reg_sram  ; work         ;
;       |four_bit_register:inst1| ; 4 (4)       ; 4            ; 0          ; 0    ; 0            ; 0 (0)        ; 4 (4)             ; 0 (0)            ; 0 (0)           ; 0 (0)      ; |assignment10_2|fourbit_reg_sram:inst111|four_bit_register:inst1 ; four_bit_register ; work         ;
;       |four_bit_register:inst2| ; 4 (4)       ; 4            ; 0          ; 0    ; 0            ; 0 (0)        ; 4 (4)             ; 0 (0)            ; 0 (0)           ; 0 (0)      ; |assignment10_2|fourbit_reg_sram:inst111|four_bit_register:inst2 ; four_bit_register ; work         ;
;       |four_bit_register:inst3| ; 4 (4)       ; 4            ; 0          ; 0    ; 0            ; 0 (0)        ; 4 (4)             ; 0 (0)            ; 0 (0)           ; 0 (0)      ; |assignment10_2|fourbit_reg_sram:inst111|four_bit_register:inst3 ; four_bit_register ; work         ;
;       |four_bit_register:inst|  ; 4 (4)       ; 4            ; 0          ; 0    ; 0            ; 0 (0)        ; 0 (0)             ; 4 (4)            ; 0 (0)           ; 0 (0)      ; |assignment10_2|fourbit_reg_sram:inst111|four_bit_register:inst  ; four_bit_register ; work         ;
;       |mx_4bit_2x1:inst18|      ; 8 (8)       ; 0            ; 0          ; 0    ; 0            ; 8 (8)        ; 0 (0)             ; 0 (0)            ; 0 (0)           ; 0 (0)      ; |assignment10_2|fourbit_reg_sram:inst111|mx_4bit_2x1:inst18      ; mx_4bit_2x1       ; work         ;
;    |segment7:inst44|            ; 7 (7)       ; 0            ; 0          ; 0    ; 0            ; 7 (7)        ; 0 (0)             ; 0 (0)            ; 0 (0)           ; 0 (0)      ; |assignment10_2|segment7:inst44                                  ; segment7          ; work         ;
;    |trigger:inst2|              ; 3 (3)       ; 2            ; 0          ; 0    ; 0            ; 1 (1)        ; 1 (1)             ; 1 (1)            ; 0 (0)           ; 0 (0)      ; |assignment10_2|trigger:inst2                                    ; trigger           ; work         ;
+---------------------------------+-------------+--------------+------------+------+--------------+--------------+-------------------+------------------+-----------------+------------+------------------------------------------------------------------+-------------------+--------------+
Note: For table entries with two numbers listed, the numbers in parentheses indicate the number of resources of the given type used by the specific entity alone. The numbers listed outside of parentheses indicate the total resources of the given type used by the specific entity and all of its sub-entities in the hierarchy.


+------------------------------------------------------+
; General Register Statistics                          ;
+----------------------------------------------+-------+
; Statistic                                    ; Value ;
+----------------------------------------------+-------+
; Total registers                              ; 20    ;
; Number of registers using Synchronous Clear  ; 0     ;
; Number of registers using Synchronous Load   ; 0     ;
; Number of registers using Asynchronous Clear ; 20    ;
; Number of registers using Asynchronous Load  ; 0     ;
; Number of registers using Clock Enable       ; 16    ;
; Number of registers using Preset             ; 0     ;
+----------------------------------------------+-------+


+----------------------------------------------------------------------------------------------------------------------------------------------------------------------------------+
; Multiplexer Restructuring Statistics (Restructuring Performed)                                                                                                                   ;
+--------------------+-----------+---------------+----------------------+------------------------+------------+--------------------------------------------------------------------+
; Multiplexer Inputs ; Bus Width ; Baseline Area ; Area if Restructured ; Saving if Restructured ; Registered ; Example Multiplexer Output                                         ;
+--------------------+-----------+---------------+----------------------+------------------------+------------+--------------------------------------------------------------------+
; 4:1                ; 4 bits    ; 8 LEs         ; 8 LEs                ; 0 LEs                  ; No         ; |assignment10_2|fourbit_reg_sram:inst111|mx_4bit_2x1:inst18|inst12 ;
+--------------------+-----------+---------------+----------------------+------------------------+------------+--------------------------------------------------------------------+


+-------------------------------+
; Analysis & Synthesis Messages ;
+-------------------------------+
Info: *******************************************************************
Info: Running Quartus Prime Analysis & Synthesis
    Info: Version 20.1.1 Build 720 11/11/2020 SJ Lite Edition
    Info: Processing started: Tue Oct 31 20:03:30 2023
Info: Command: quartus_map --read_settings_files=on --write_settings_files=off 10_1 -c 10_1
Warning (18236): Number of processors has not been specified which may cause overloading on shared machines.  Set the global assignment NUM_PARALLEL_PROCESSORS in your QSF to an appropriate value for best performance.
Info (20030): Parallel compilation is enabled and will use 4 of the 4 processors detected
Info (12021): Found 1 design units, including 1 entities, in source file assignment_9.bdf
    Info (12023): Found entity 1: assignment_9
Info (12021): Found 1 design units, including 1 entities, in source file fourbit_reg_sram.bdf
    Info (12023): Found entity 1: fourbit_reg_sram
Info (12021): Found 1 design units, including 1 entities, in source file four_bit_register.bdf
    Info (12023): Found entity 1: four_bit_register
Info (12021): Found 1 design units, including 1 entities, in source file trigger.bdf
    Info (12023): Found entity 1: trigger
Info (12021): Found 1 design units, including 1 entities, in source file mx_4bit_2x1.bdf
    Info (12023): Found entity 1: mx_4bit_2x1
Info (12021): Found 1 design units, including 1 entities, in source file mx_2x1.bdf
    Info (12023): Found entity 1: mx_2x1
Info (12021): Found 1 design units, including 1 entities, in source file bto7.bdf
    Info (12023): Found entity 1: bto7
Info (12021): Found 1 design units, including 1 entities, in source file assignment10_1.bdf
    Info (12023): Found entity 1: assignment10_1
Info (12021): Found 1 design units, including 1 entities, in source file assignment10_1.v
    Info (12023): Found entity 1: abcdefg File: C:/intelFPGA_lite/20.1/assignment_10/assignment10_1.v Line: 20
Info (12021): Found 2 design units, including 1 entities, in source file bin2_7seg.vhd
    Info (12022): Found design unit 1: bin2_7seg-rtl File: C:/intelFPGA_lite/20.1/assignment_10/bin2_7seg.vhd Line: 19
    Info (12023): Found entity 1: bin2_7seg File: C:/intelFPGA_lite/20.1/assignment_10/bin2_7seg.vhd Line: 12
Info (12021): Found 1 design units, including 1 entities, in source file d2b.bdf
    Info (12023): Found entity 1: d2b
Warning (12019): Can't analyze file -- file seven_segment.bdf is missing
Info (12021): Found 1 design units, including 1 entities, in source file bto7.v
    Info (12023): Found entity 1: segment7 File: C:/intelFPGA_lite/20.1/assignment_10/bto7.v Line: 1
Info (12021): Found 1 design units, including 1 entities, in source file assignment10_2.bdf
    Info (12023): Found entity 1: assignment10_2
Info (12021): Found 1 design units, including 1 entities, in source file counter4.bdf
    Info (12023): Found entity 1: counter4
Info (12127): Elaborating entity "assignment10_2" for the top level hierarchy
Warning (275011): Block or symbol "NOT" of instance "inst122" overlaps another block or symbol
Info (12128): Elaborating entity "counter4" for hierarchy "counter4:inst8"
Info (12128): Elaborating entity "segment7" for hierarchy "segment7:inst44"
Info (12128): Elaborating entity "fourbit_reg_sram" for hierarchy "fourbit_reg_sram:inst111"
Info (12128): Elaborating entity "mx_4bit_2x1" for hierarchy "fourbit_reg_sram:inst111|mx_4bit_2x1:inst18"
Warning (275011): Block or symbol "AND2" of instance "inst5" overlaps another block or symbol
Info (12128): Elaborating entity "four_bit_register" for hierarchy "fourbit_reg_sram:inst111|four_bit_register:inst"
Info (12128): Elaborating entity "mx_2x1" for hierarchy "fourbit_reg_sram:inst111|four_bit_register:inst|mx_2x1:inst5"
Info (12128): Elaborating entity "trigger" for hierarchy "trigger:inst2"
Info (12128): Elaborating entity "d2b" for hierarchy "d2b:inst"
Warning (13024): Output pins are stuck at VCC or GND
    Warning (13410): Pin "COM1" is stuck at VCC
    Warning (13410): Pin "COM2" is stuck at VCC
    Warning (13410): Pin "COM3" is stuck at VCC
    Warning (13410): Pin "COM4" is stuck at VCC
Info (21057): Implemented 71 device resources after synthesis - the final resource count might be different
    Info (21058): Implemented 12 input pins
    Info (21059): Implemented 15 output pins
    Info (21061): Implemented 44 logic cells
Info: Quartus Prime Analysis & Synthesis was successful. 0 errors, 9 warnings
    Info: Peak virtual memory: 4756 megabytes
    Info: Processing ended: Tue Oct 31 20:03:39 2023
    Info: Elapsed time: 00:00:09
    Info: Total CPU time (on all processors): 00:00:07


